<?xml version="1.0" encoding="UTF-8"?>
<!-- Generated by org.testng.reporters.JUnitXMLReporter -->
<testsuite hostname="DESKTOP-7BTLB3T" ignored="2" name="Test all TCs" tests="2" failures="0" timestamp="2021-11-15T12:38:58 CET" time="18.279" errors="0">
  <testcase name="checkCategoriesInMenu" time="0.274" classname="sampleshop.homepage.HomePageTest"/>
  <testcase name="orderElement" time="0.665" classname="sampleshop.product_details.ProductDetailsTest"/>
  <testcase name="thisMethodWillFail" time="0.0" classname="sampleshop.product_details.ProductDetailsTest">
    <ignored/>
  </testcase> <!-- thisMethodWillFail -->
  <testcase name="fakeTest" time="0.0" classname="sampleshop.homepage.HomePageTest">
    <ignored/>
  </testcase> <!-- fakeTest -->
</testsuite> <!-- Test all TCs -->
