<?xml version="1.0" encoding="UTF-8"?>
<!-- Generated by org.testng.reporters.JUnitXMLReporter -->
<testsuite hostname="DESKTOP-7BTLB3T" ignored="0" tests="3" failures="0" timestamp="2021-11-08T18:04:25 CET" time="19.721" errors="0">
  <testcase name="checkConfirmationText" time="5.412" classname="DynamicLoadingPageTests"/>
  <testcase name="checkDescriptionHeaderText" time="0.053" classname="HomePageTests"/>
  <testcase name="checkMainHeaderText" time="0.05" classname="HomePageTests"/>
</testsuite>
