<?xml version="1.0" encoding="UTF-8"?>
<testng-results skipped="0" failed="0" ignored="2" total="4" passed="2">
  <reporter-output>
  </reporter-output>
  <suite name="Sample Shop Tests" duration-ms="18279" started-at="2021-11-15T12:38:40 CET" finished-at="2021-11-15T12:38:58 CET">
    <groups>
    </groups>
    <test name="Test all TCs" duration-ms="18279" started-at="2021-11-15T12:38:40 CET" finished-at="2021-11-15T12:38:58 CET">
      <class name="sampleshop.product_details.ProductDetailsTest">
        <test-method status="PASS" signature="setUp()[pri:0, instance:sampleshop.product_details.ProductDetailsTest@6a6afff2]" name="setUp" is-config="true" duration-ms="4155" started-at="2021-11-15T12:38:52 CET" finished-at="2021-11-15T12:38:56 CET">
          <reporter-output>
          </reporter-output>
        </test-method> <!-- setUp -->
        <test-method status="PASS" signature="openPage()[pri:0, instance:sampleshop.product_details.ProductDetailsTest@6a6afff2]" name="openPage" is-config="true" duration-ms="930" started-at="2021-11-15T12:38:56 CET" finished-at="2021-11-15T12:38:57 CET">
          <reporter-output>
          </reporter-output>
        </test-method> <!-- openPage -->
        <test-method status="PASS" signature="methodSetUp(org.testng.ITestResult)[pri:0, instance:sampleshop.product_details.ProductDetailsTest@6a6afff2]" name="methodSetUp" is-config="true" duration-ms="4" started-at="2021-11-15T12:38:57 CET" finished-at="2021-11-15T12:38:57 CET">
          <params>
            <param index="0">
              <value>
                <![CDATA[[TestResult name={null} status=CREATED method=ProductDetailsTest.orderElement()[pri:0, instance:sampleshop.product_details.ProductDetailsTest@6a6afff2] output={null}]]]>
              </value>
            </param>
          </params>
          <reporter-output>
          </reporter-output>
        </test-method> <!-- methodSetUp -->
        <test-method status="PASS" signature="orderElement()[pri:0, instance:sampleshop.product_details.ProductDetailsTest@6a6afff2]" name="orderElement" duration-ms="665" started-at="2021-11-15T12:38:57 CET" description="Zamawianie produktu - dodanie do koszyka" finished-at="2021-11-15T12:38:58 CET">
          <reporter-output>
          </reporter-output>
        </test-method> <!-- orderElement -->
        <test-method status="PASS" signature="methodTearDown(org.testng.ITestResult)[pri:0, instance:sampleshop.product_details.ProductDetailsTest@6a6afff2]" name="methodTearDown" is-config="true" duration-ms="2" started-at="2021-11-15T12:38:58 CET" finished-at="2021-11-15T12:38:58 CET">
          <params>
            <param index="0">
              <value>
                <![CDATA[[TestResult name=orderElement status=SUCCESS method=ProductDetailsTest.orderElement()[pri:0, instance:sampleshop.product_details.ProductDetailsTest@6a6afff2] output={null}]]]>
              </value>
            </param>
          </params>
          <reporter-output>
          </reporter-output>
        </test-method> <!-- methodTearDown -->
        <test-method status="PASS" signature="tearDown()[pri:0, instance:sampleshop.product_details.ProductDetailsTest@6a6afff2]" name="tearDown" is-config="true" duration-ms="836" started-at="2021-11-15T12:38:58 CET" finished-at="2021-11-15T12:38:58 CET">
          <reporter-output>
          </reporter-output>
        </test-method> <!-- tearDown -->
      </class> <!-- sampleshop.product_details.ProductDetailsTest -->
      <class name="sampleshop.homepage.HomePageTest">
        <test-method status="PASS" signature="setUp()[pri:0, instance:sampleshop.homepage.HomePageTest@3541cb24]" name="setUp" is-config="true" duration-ms="10385" started-at="2021-11-15T12:38:40 CET" finished-at="2021-11-15T12:38:51 CET">
          <reporter-output>
          </reporter-output>
        </test-method> <!-- setUp -->
        <test-method status="PASS" signature="methodSetUp(org.testng.ITestResult)[pri:0, instance:sampleshop.homepage.HomePageTest@3541cb24]" name="methodSetUp" is-config="true" duration-ms="59" started-at="2021-11-15T12:38:51 CET" finished-at="2021-11-15T12:38:51 CET">
          <params>
            <param index="0">
              <value>
                <![CDATA[[TestResult name={null} status=CREATED method=HomePageTest.checkCategoriesInMenu()[pri:0, instance:sampleshop.homepage.HomePageTest@3541cb24] output={null}]]]>
              </value>
            </param>
          </params>
          <reporter-output>
          </reporter-output>
        </test-method> <!-- methodSetUp -->
        <test-method status="PASS" signature="checkCategoriesInMenu()[pri:0, instance:sampleshop.homepage.HomePageTest@3541cb24]" name="checkCategoriesInMenu" duration-ms="274" started-at="2021-11-15T12:38:51 CET" finished-at="2021-11-15T12:38:51 CET">
          <reporter-output>
          </reporter-output>
        </test-method> <!-- checkCategoriesInMenu -->
        <test-method status="PASS" signature="tearDown()[pri:0, instance:sampleshop.homepage.HomePageTest@3541cb24]" name="tearDown" is-config="true" duration-ms="827" started-at="2021-11-15T12:38:51 CET" finished-at="2021-11-15T12:38:52 CET">
          <reporter-output>
          </reporter-output>
        </test-method> <!-- tearDown -->
        <test-method status="PASS" signature="methodTearDown(org.testng.ITestResult)[pri:0, instance:sampleshop.homepage.HomePageTest@3541cb24]" name="methodTearDown" is-config="true" duration-ms="0" started-at="2021-11-15T12:38:51 CET" finished-at="2021-11-15T12:38:51 CET">
          <params>
            <param index="0">
              <value>
                <![CDATA[[TestResult name=checkCategoriesInMenu status=SUCCESS method=HomePageTest.checkCategoriesInMenu()[pri:0, instance:sampleshop.homepage.HomePageTest@3541cb24] output={null}]]]>
              </value>
            </param>
          </params>
          <reporter-output>
          </reporter-output>
        </test-method> <!-- methodTearDown -->
      </class> <!-- sampleshop.homepage.HomePageTest -->
    </test> <!-- Test all TCs -->
  </suite> <!-- Sample Shop Tests -->
</testng-results>
